2022-05-26 15:20:51 [INFO] Starting minecraft server version Beta 1.8.1
2022-05-26 15:20:51 [INFO] Loading properties
2022-05-26 15:20:51 [WARNING] server.properties does not exist
2022-05-26 15:20:51 [INFO] Generating new properties file
2022-05-26 15:20:51 [INFO] Starting Minecraft server on *:25565
2022-05-26 15:20:51 [WARNING] Failed to load ban list: java.io.FileNotFoundException: banned-players.txt (Nie mo¿na odnaleŸæ okreœlonego pliku)
2022-05-26 15:20:51 [WARNING] Failed to load ip ban list: java.io.FileNotFoundException: banned-ips.txt (Nie mo¿na odnaleŸæ okreœlonego pliku)
2022-05-26 15:20:51 [WARNING] Failed to load ip ban list: java.io.FileNotFoundException: ops.txt (Nie mo¿na odnaleŸæ okreœlonego pliku)
2022-05-26 15:20:51 [WARNING] Failed to load white-list: java.io.FileNotFoundException: white-list.txt (Nie mo¿na odnaleŸæ okreœlonego pliku)
2022-05-26 15:20:51 [INFO] Preparing level "world"
2022-05-26 15:20:51 [INFO] Default game type: 0
2022-05-26 15:20:52 [INFO] Preparing start region for level 0
2022-05-26 15:20:53 [INFO] Preparing spawn area: 8%
2022-05-26 15:20:54 [INFO] Preparing spawn area: 20%
2022-05-26 15:20:55 [INFO] Preparing spawn area: 36%
2022-05-26 15:20:56 [INFO] Preparing spawn area: 56%
2022-05-26 15:20:57 [INFO] Preparing spawn area: 73%
2022-05-26 15:20:58 [INFO] Preparing spawn area: 89%
2022-05-26 15:20:58 [INFO] Preparing start region for level 1
2022-05-26 15:20:59 [INFO] Preparing spawn area: 8%
2022-05-26 15:21:00 [INFO] Preparing spawn area: 28%
2022-05-26 15:21:01 [INFO] Preparing spawn area: 52%
2022-05-26 15:21:02 [INFO] Preparing spawn area: 77%
2022-05-26 15:21:03 [INFO] Done (11500782600ns)! For help, type "help" or "?"
2022-05-26 15:21:05 [INFO] CONSOLE: Stopping the server..
2022-05-26 15:21:05 [INFO] Stopping server
2022-05-26 15:21:05 [INFO] Saving chunks
2022-05-26 15:21:08 [INFO] Saving chunks
2022-05-26 15:21:42 [INFO] Starting minecraft server version Beta 1.8.1
2022-05-26 15:21:42 [INFO] Loading properties
2022-05-26 15:21:42 [INFO] Starting Minecraft server on *:25565
2022-05-26 15:21:42 [WARNING] **** SERVER IS RUNNING IN OFFLINE/INSECURE MODE!
2022-05-26 15:21:42 [WARNING] The server will make no attempt to authenticate usernames. Beware.
2022-05-26 15:21:42 [WARNING] While this makes the game possible to play without internet access, it also opens up the ability for hackers to connect with any username they choose.
2022-05-26 15:21:42 [WARNING] To change this, set "online-mode" to "true" in the server.settings file.
2022-05-26 15:21:42 [INFO] Preparing level "world"
2022-05-26 15:21:42 [INFO] Default game type: 0
2022-05-26 15:21:42 [INFO] Preparing start region for level 0
2022-05-26 15:21:43 [INFO] Preparing spawn area: 8%
2022-05-26 15:21:44 [INFO] Preparing spawn area: 20%
2022-05-26 15:21:45 [INFO] Preparing spawn area: 36%
2022-05-26 15:21:46 [INFO] Preparing spawn area: 56%
2022-05-26 15:21:47 [INFO] Preparing spawn area: 77%
2022-05-26 15:21:47 [INFO] Preparing start region for level 1
2022-05-26 15:21:48 [INFO] Preparing spawn area: 32%
2022-05-26 15:21:48 [INFO] Done (6500652900ns)! For help, type "help" or "?"
2022-05-26 15:21:55 [INFO] CONSOLE: Stopping the server..
2022-05-26 15:21:55 [INFO] CONSOLE: Stopping the server..
2022-05-26 15:21:55 [INFO] Stopping server
2022-05-26 15:21:55 [INFO] Saving chunks
2022-05-26 15:21:58 [INFO] Saving chunks
2022-05-26 15:22:57 [INFO] Starting minecraft server version Beta 1.8.1
2022-05-26 15:22:57 [INFO] Loading properties
2022-05-26 15:22:57 [INFO] Starting Minecraft server on *:25565
2022-05-26 15:22:57 [WARNING] **** SERVER IS RUNNING IN OFFLINE/INSECURE MODE!
2022-05-26 15:22:57 [WARNING] The server will make no attempt to authenticate usernames. Beware.
2022-05-26 15:22:57 [WARNING] While this makes the game possible to play without internet access, it also opens up the ability for hackers to connect with any username they choose.
2022-05-26 15:22:57 [WARNING] To change this, set "online-mode" to "true" in the server.settings file.
2022-05-26 15:22:57 [INFO] Preparing level "world"
2022-05-26 15:22:57 [INFO] Default game type: 0
2022-05-26 15:22:57 [INFO] Preparing start region for level 0
2022-05-26 15:22:57 [INFO] Preparing start region for level 1
2022-05-26 15:22:58 [INFO] Preparing spawn area: 81%
2022-05-26 15:22:58 [INFO] Done (1203504300ns)! For help, type "help" or "?"
2022-05-26 15:22:58 [INFO] CONSOLE: Stopping the server..
2022-05-26 15:22:58 [INFO] CONSOLE: Stopping the server..
2022-05-26 15:22:58 [INFO] Stopping server
2022-05-26 15:22:58 [INFO] Saving chunks
2022-05-26 15:22:59 [INFO] Saving chunks
2022-05-26 15:23:09 [INFO] Starting minecraft server version Beta 1.8.1
2022-05-26 15:23:09 [INFO] Loading properties
2022-05-26 15:23:09 [INFO] Starting Minecraft server on *:25565
2022-05-26 15:23:09 [WARNING] **** SERVER IS RUNNING IN OFFLINE/INSECURE MODE!
2022-05-26 15:23:09 [WARNING] The server will make no attempt to authenticate usernames. Beware.
2022-05-26 15:23:09 [WARNING] While this makes the game possible to play without internet access, it also opens up the ability for hackers to connect with any username they choose.
2022-05-26 15:23:09 [WARNING] To change this, set "online-mode" to "true" in the server.settings file.
2022-05-26 15:23:09 [INFO] Preparing level "world"
2022-05-26 15:23:09 [INFO] Default game type: 0
2022-05-26 15:23:09 [INFO] Preparing start region for level 0
2022-05-26 15:23:10 [INFO] Preparing start region for level 1
2022-05-26 15:23:10 [INFO] Preparing spawn area: 93%
2022-05-26 15:23:10 [INFO] Done (1137968600ns)! For help, type "help" or "?"
2022-05-26 15:23:16 [INFO] CONSOLE: Stopping the server..
2022-05-26 15:23:16 [INFO] Stopping server
2022-05-26 15:23:16 [INFO] Saving chunks
2022-05-26 15:23:16 [INFO] Saving chunks
2022-05-26 15:23:25 [INFO] Starting minecraft server version Beta 1.8.1
2022-05-26 15:23:25 [INFO] Loading properties
2022-05-26 15:23:25 [INFO] Starting Minecraft server on *:25565
2022-05-26 15:23:25 [WARNING] **** SERVER IS RUNNING IN OFFLINE/INSECURE MODE!
2022-05-26 15:23:25 [WARNING] The server will make no attempt to authenticate usernames. Beware.
2022-05-26 15:23:25 [WARNING] While this makes the game possible to play without internet access, it also opens up the ability for hackers to connect with any username they choose.
2022-05-26 15:23:25 [WARNING] To change this, set "online-mode" to "true" in the server.settings file.
2022-05-26 15:23:25 [INFO] Preparing level "world"
2022-05-26 15:23:25 [INFO] Default game type: 0
2022-05-26 15:23:25 [INFO] Preparing start region for level 0
2022-05-26 15:23:26 [INFO] Preparing start region for level 1
2022-05-26 15:23:26 [INFO] Preparing spawn area: 93%
2022-05-26 15:23:26 [INFO] Done (1178087100ns)! For help, type "help" or "?"
2022-05-26 15:23:29 [INFO] CONSOLE: Stopping the server..
2022-05-26 15:23:29 [INFO] Stopping server
2022-05-26 15:23:29 [INFO] Saving chunks
2022-05-26 15:23:29 [INFO] Saving chunks
2022-05-26 15:25:11 [INFO] Starting minecraft server version Beta 1.8.1
2022-05-26 15:25:11 [INFO] Loading properties
2022-05-26 15:25:11 [INFO] Starting Minecraft server on *:25565
2022-05-26 15:25:11 [WARNING] **** SERVER IS RUNNING IN OFFLINE/INSECURE MODE!
2022-05-26 15:25:11 [WARNING] The server will make no attempt to authenticate usernames. Beware.
2022-05-26 15:25:11 [WARNING] While this makes the game possible to play without internet access, it also opens up the ability for hackers to connect with any username they choose.
2022-05-26 15:25:11 [WARNING] To change this, set "online-mode" to "true" in the server.settings file.
2022-05-26 15:25:11 [INFO] Preparing level "world"
2022-05-26 15:25:11 [INFO] Default game type: 0
2022-05-26 15:25:11 [INFO] Preparing start region for level 0
2022-05-26 15:25:11 [INFO] Preparing start region for level 1
2022-05-26 15:25:12 [INFO] Preparing spawn area: 93%
2022-05-26 15:25:12 [INFO] Done (1160309200ns)! For help, type "help" or "?"
2022-05-26 15:25:13 [INFO] CONSOLE: Stopping the server..
2022-05-26 15:25:13 [INFO] Stopping server
2022-05-26 15:25:13 [INFO] Saving chunks
2022-05-26 15:25:13 [INFO] Saving chunks
2022-05-26 15:25:16 [INFO] Starting minecraft server version Beta 1.8.1
2022-05-26 15:25:16 [INFO] Loading properties
2022-05-26 15:25:16 [INFO] Starting Minecraft server on *:25565
2022-05-26 15:25:16 [WARNING] **** SERVER IS RUNNING IN OFFLINE/INSECURE MODE!
2022-05-26 15:25:16 [WARNING] The server will make no attempt to authenticate usernames. Beware.
2022-05-26 15:25:16 [WARNING] While this makes the game possible to play without internet access, it also opens up the ability for hackers to connect with any username they choose.
2022-05-26 15:25:16 [WARNING] To change this, set "online-mode" to "true" in the server.settings file.
2022-05-26 15:25:16 [INFO] Preparing level "world"
2022-05-26 15:25:16 [INFO] Default game type: 0
2022-05-26 15:25:16 [INFO] Preparing start region for level 0
2022-05-26 15:25:16 [INFO] Preparing start region for level 1
2022-05-26 15:25:17 [INFO] Preparing spawn area: 89%
2022-05-26 15:25:17 [INFO] Done (1184624000ns)! For help, type "help" or "?"
2022-05-26 15:25:29 [INFO] CONSOLE: Stopping the server..
2022-05-26 15:25:29 [INFO] Stopping server
2022-05-26 15:25:29 [INFO] Saving chunks
2022-05-26 15:25:30 [INFO] Saving chunks
